<?xml version="1.0" encoding="UTF-8"?>
<!-- Generated by org.testng.reporters.JUnitXMLReporter -->
<testsuite ignored="1" hostname="DESKTOP-6FNI25S" failures="0" tests="2" name="OrangeHRM" time="10.805" errors="0" timestamp="2023-02-26T14:53:04 IST">
  <testcase classname="com.qa.hyr.Practicise" name="TestGoogle" time="8.79"/>
  <testcase classname="com.qa.hyr.Practicise" name="Facebook" time="1.972"/>
  <testcase classname="com.qa.hyr.Practicise" name="linkedin" time="0.0">
    <ignored/>
  </testcase> <!-- linkedin -->
</testsuite> <!-- OrangeHRM -->
