<?xml version="1.0" encoding="UTF-8"?>
<!-- Generated by org.testng.reporters.JUnitXMLReporter -->
<testsuite ignored="0" hostname="DESKTOP-6FNI25S" failures="0" tests="3" name="Test" time="0.091" errors="0" timestamp="2023-01-14T00:29:08 IST">
  <testcase classname="com.qa.OrangeHRM.OrangeHRM" name="Login" time="0.02"/>
  <testcase classname="com.qa.OrangeHRM.OrangeHRM" name="testdata" time="0.002"/>
  <testcase classname="com.qa.OrangeHRM.OrangeHRM" name="VerifyLogin" time="0.003"/>
</testsuite> <!-- Test -->
